2023-03-22 17:01:44.024 [main] INFO  Calculator - Calculating natural log  of given number:10.0
2023-03-22 17:01:44.029 [main] INFO  Calculator - Resultant answer of natural log operation is : 2.302585092994046
2023-03-22 17:01:44.030 [main] INFO  Calculator - Calculating natural log  of given number:-9.0
2023-03-22 17:01:44.030 [main] INFO  Calculator - Resultant answer of natural log operation is : -1.0
2023-03-22 17:01:44.030 [main] INFO  Calculator - Calculating natural log  of given number:0.0
2023-03-22 17:01:44.031 [main] INFO  Calculator - Resultant answer of natural log operation is : -1.0
2023-03-22 17:01:44.038 [main] INFO  Calculator - Calculating power function of given numbers:3.0,4.0
2023-03-22 17:01:44.040 [main] INFO  Calculator - Resultant answer of power operation is : 81.0
2023-03-22 17:01:44.041 [main] INFO  Calculator - Calculating power function of given numbers:-2.0,-2.0
2023-03-22 17:01:44.041 [main] INFO  Calculator - Resultant answer of power operation is : 0.25
2023-03-22 17:01:44.041 [main] INFO  Calculator - Calculating power function of given numbers:-3.0,4.0
2023-03-22 17:01:44.042 [main] INFO  Calculator - Resultant answer of power operation is : 81.0
2023-03-22 17:01:44.042 [main] INFO  Calculator - Calculating power function of given numbers:2.0,-2.0
2023-03-22 17:01:44.042 [main] INFO  Calculator - Resultant answer of power operation is : 0.25
2023-03-22 17:01:44.042 [main] INFO  Calculator - Calculating natural log  of given number:-9.0
2023-03-22 17:01:44.042 [main] INFO  Calculator - Resultant answer of natural log operation is : -1.0
2023-03-22 17:01:44.045 [main] INFO  Calculator - Calculating factorial  of given number:5
2023-03-22 17:01:44.046 [main] INFO  Calculator - Resultant answer of power operations is : 120.0
2023-03-22 17:01:44.046 [main] INFO  Calculator - Calculating factorial  of given number:0
2023-03-22 17:01:44.046 [main] INFO  Calculator - Calculating factorial  of given number:-23
2023-03-22 17:01:44.046 [main] INFO  Calculator - Resultant answer of power operations is : -1.0
2023-03-22 17:01:44.047 [main] INFO  Calculator - Calculating factorial  of given number:1
2023-03-22 17:01:44.047 [main] INFO  Calculator - Calculating factorial  of given number:11
2023-03-22 17:01:44.047 [main] INFO  Calculator - Resultant answer of power operations is : 3.99168E7
2023-03-22 17:01:44.049 [main] INFO  Calculator - Calculating square root  of given number:100.0
2023-03-22 17:01:44.050 [main] INFO  Calculator - Resultant answer of power operations is : 10.0
2023-03-22 17:01:44.050 [main] INFO  Calculator - Calculating square root  of given number:400.0
2023-03-22 17:01:44.050 [main] INFO  Calculator - Resultant answer of power operations is : 20.0
2023-03-22 17:01:44.050 [main] INFO  Calculator - Calculating square root  of given number:-4.0
2023-03-22 17:01:44.051 [main] INFO  Calculator - Resultant answer of power operations is : -1.0
2023-03-22 17:02:25.618 [main] INFO  Calculator - Calculating natural log  of given number:10.0
2023-03-22 17:02:25.624 [main] INFO  Calculator - Resultant answer of natural log operation is : 2.302585092994046
2023-03-22 17:02:25.625 [main] INFO  Calculator - Calculating natural log  of given number:-9.0
2023-03-22 17:02:25.625 [main] INFO  Calculator - Resultant answer of natural log operation is : -1.0
2023-03-22 17:02:25.625 [main] INFO  Calculator - Calculating natural log  of given number:0.0
2023-03-22 17:02:25.625 [main] INFO  Calculator - Resultant answer of natural log operation is : -1.0
2023-03-22 17:02:25.630 [main] INFO  Calculator - Calculating power function of given numbers:3.0,4.0
2023-03-22 17:02:25.630 [main] INFO  Calculator - Resultant answer of power operation is : 81.0
2023-03-22 17:02:25.631 [main] INFO  Calculator - Calculating power function of given numbers:-2.0,-2.0
2023-03-22 17:02:25.631 [main] INFO  Calculator - Resultant answer of power operation is : 0.25
2023-03-22 17:02:25.632 [main] INFO  Calculator - Calculating power function of given numbers:-3.0,4.0
2023-03-22 17:02:25.632 [main] INFO  Calculator - Resultant answer of power operation is : 81.0
2023-03-22 17:02:25.633 [main] INFO  Calculator - Calculating power function of given numbers:2.0,-2.0
2023-03-22 17:02:25.633 [main] INFO  Calculator - Resultant answer of power operation is : 0.25
2023-03-22 17:02:25.633 [main] INFO  Calculator - Calculating natural log  of given number:-9.0
2023-03-22 17:02:25.634 [main] INFO  Calculator - Resultant answer of natural log operation is : -1.0
2023-03-22 17:02:25.638 [main] INFO  Calculator - Calculating factorial  of given number:5
2023-03-22 17:02:25.639 [main] INFO  Calculator - Resultant answer of power operations is : 120.0
2023-03-22 17:02:25.639 [main] INFO  Calculator - Calculating factorial  of given number:0
2023-03-22 17:02:25.639 [main] INFO  Calculator - Calculating factorial  of given number:-23
2023-03-22 17:02:25.639 [main] INFO  Calculator - Resultant answer of power operations is : -1.0
2023-03-22 17:02:25.640 [main] INFO  Calculator - Calculating factorial  of given number:1
2023-03-22 17:02:25.640 [main] INFO  Calculator - Calculating factorial  of given number:11
2023-03-22 17:02:25.640 [main] INFO  Calculator - Resultant answer of power operations is : 3.99168E7
2023-03-22 17:02:25.652 [main] INFO  Calculator - Calculating square root  of given number:100.0
2023-03-22 17:02:25.652 [main] INFO  Calculator - Resultant answer of power operations is : 10.0
2023-03-22 17:02:25.653 [main] INFO  Calculator - Calculating square root  of given number:400.0
2023-03-22 17:02:25.653 [main] INFO  Calculator - Resultant answer of power operations is : 20.0
2023-03-22 17:02:25.653 [main] INFO  Calculator - Calculating square root  of given number:-4.0
2023-03-22 17:02:25.654 [main] INFO  Calculator - Resultant answer of power operations is : -1.0
2023-03-22 17:03:45.697 [main] INFO  Calculator - Calculating power function of given numbers:5.0,7.0
2023-03-22 17:03:45.708 [main] INFO  Calculator - Resultant answer of power operation is : 78125.0
2023-03-22 17:04:16.510 [main] INFO  Calculator - Calculating factorial  of given number:12
2023-03-22 17:04:16.521 [main] INFO  Calculator - Resultant answer of power operations is : 4.790016E8
2023-03-22 17:04:20.526 [main] INFO  Calculator - Calculating factorial  of given number:4
2023-03-22 17:04:20.527 [main] INFO  Calculator - Resultant answer of power operations is : 24.0
