2023-03-18 22:42:47.177 [main] INFO  Calculator - Calculating power function of given numbers:3.0,6.0
2023-03-18 22:42:47.182 [main] INFO  Calculator - Resultant answer of power operation is : 729.0
2023-03-18 22:48:47.671 [main] INFO  Calculator - Calculating square root  of given number:100.0
2023-03-18 22:48:47.677 [main] INFO  Calculator - Resultant answer of power operations is : 10.0
2023-03-18 22:48:47.678 [main] INFO  Calculator - Calculating square root  of given number:100.0
2023-03-18 22:48:47.680 [main] INFO  Calculator - Resultant answer of power operations is : 10.0
2023-03-18 22:48:47.680 [main] INFO  Calculator - Calculating square root  of given number:-4.0
2023-03-18 22:48:47.682 [main] INFO  Calculator - Resultant answer of power operations is : -1.0
2023-03-18 22:49:05.320 [main] INFO  Calculator - Calculating square root  of given number:100.0
2023-03-18 22:49:05.325 [main] INFO  Calculator - Resultant answer of power operations is : 10.0
2023-03-18 22:49:05.326 [main] INFO  Calculator - Calculating square root  of given number:100.0
2023-03-18 22:49:05.327 [main] INFO  Calculator - Resultant answer of power operations is : 10.0
2023-03-18 22:49:05.328 [main] INFO  Calculator - Calculating square root  of given number:-4.0
2023-03-18 22:49:05.329 [main] INFO  Calculator - Resultant answer of power operations is : -1.0
2023-03-18 22:49:33.276 [main] INFO  Calculator - Calculating square root  of given number:100.0
2023-03-18 22:49:33.281 [main] INFO  Calculator - Resultant answer of power operations is : 10.0
2023-03-18 22:49:33.282 [main] INFO  Calculator - Calculating square root  of given number:400.0
2023-03-18 22:49:33.282 [main] INFO  Calculator - Resultant answer of power operations is : 20.0
2023-03-18 22:49:33.283 [main] INFO  Calculator - Calculating square root  of given number:-4.0
2023-03-18 22:49:33.283 [main] INFO  Calculator - Resultant answer of power operations is : -1.0
2023-03-18 22:49:44.718 [main] INFO  Calculator - Calculating square root  of given number:100.0
2023-03-18 22:49:44.723 [main] INFO  Calculator - Resultant answer of power operations is : 10.0
2023-03-18 22:49:44.723 [main] INFO  Calculator - Calculating square root  of given number:500.0
2023-03-18 22:49:44.724 [main] INFO  Calculator - Resultant answer of power operations is : 22.360679774997898
2023-03-18 22:50:13.641 [main] INFO  Calculator - Calculating square root  of given number:100.0
2023-03-18 22:50:13.645 [main] INFO  Calculator - Resultant answer of power operations is : 10.0
2023-03-18 22:50:13.646 [main] INFO  Calculator - Calculating square root  of given number:400.0
2023-03-18 22:50:13.647 [main] INFO  Calculator - Resultant answer of power operations is : 20.0
2023-03-18 22:50:13.647 [main] INFO  Calculator - Calculating square root  of given number:-4.0
2023-03-18 22:50:13.648 [main] INFO  Calculator - Resultant answer of power operations is : -1.0
2023-03-18 22:52:09.447 [main] INFO  Calculator - Calculating natural log  of given number:10.0
2023-03-18 22:52:09.452 [main] INFO  Calculator - Resultant answer of natural log operation is : 2.302585092994046
2023-03-18 22:52:09.453 [main] INFO  Calculator - Calculating natural log  of given number:-9.0
2023-03-18 22:52:09.454 [main] INFO  Calculator - Resultant answer of natural log operation is : -1.0
2023-03-18 22:52:09.454 [main] INFO  Calculator - Calculating natural log  of given number:0.0
2023-03-18 22:52:09.455 [main] INFO  Calculator - Resultant answer of natural log operation is : -1.0
2023-03-18 22:52:09.459 [main] INFO  Calculator - Calculating power function of given numbers:3.0,4.0
2023-03-18 22:52:09.460 [main] INFO  Calculator - Resultant answer of power operation is : 81.0
2023-03-18 22:52:09.462 [main] INFO  Calculator - Calculating power function of given numbers:-2.0,-2.0
2023-03-18 22:52:09.462 [main] INFO  Calculator - Resultant answer of power operation is : 0.25
2023-03-18 22:52:09.463 [main] INFO  Calculator - Calculating power function of given numbers:-3.0,4.0
2023-03-18 22:52:09.463 [main] INFO  Calculator - Resultant answer of power operation is : 81.0
2023-03-18 22:52:09.465 [main] INFO  Calculator - Calculating power function of given numbers:2.0,-2.0
2023-03-18 22:52:09.465 [main] INFO  Calculator - Resultant answer of power operation is : 0.25
2023-03-18 22:52:09.466 [main] INFO  Calculator - Calculating natural log  of given number:-9.0
2023-03-18 22:52:09.466 [main] INFO  Calculator - Resultant answer of natural log operation is : -1.0
2023-03-18 22:52:09.467 [main] INFO  Calculator - Calculating factorial  of given number:5
2023-03-18 22:52:09.468 [main] INFO  Calculator - Resultant answer of power operations is : 120.0
2023-03-18 22:52:09.468 [main] INFO  Calculator - Calculating factorial  of given number:0
2023-03-18 22:52:09.469 [main] INFO  Calculator - Calculating factorial  of given number:-23
2023-03-18 22:52:09.470 [main] INFO  Calculator - Resultant answer of power operations is : -1.0
2023-03-18 22:52:09.470 [main] INFO  Calculator - Calculating factorial  of given number:1
2023-03-18 22:52:09.470 [main] INFO  Calculator - Calculating factorial  of given number:11
2023-03-18 22:52:09.471 [main] INFO  Calculator - Resultant answer of power operations is : 3.99168E7
2023-03-18 22:52:09.472 [main] INFO  Calculator - Calculating square root  of given number:100.0
2023-03-18 22:52:09.473 [main] INFO  Calculator - Resultant answer of power operations is : 10.0
2023-03-18 22:52:09.474 [main] INFO  Calculator - Calculating square root  of given number:400.0
2023-03-18 22:52:09.474 [main] INFO  Calculator - Resultant answer of power operations is : 20.0
2023-03-18 22:52:09.475 [main] INFO  Calculator - Calculating square root  of given number:-4.0
2023-03-18 22:52:09.475 [main] INFO  Calculator - Resultant answer of power operations is : -1.0
