2023-03-20 01:12:55.889 [main] INFO  Calculator - Calculating natural log  of given number:10.0
2023-03-20 01:12:55.893 [main] INFO  Calculator - Resultant answer of natural log operation is : 2.302585092994046
2023-03-20 01:12:55.893 [main] INFO  Calculator - Calculating natural log  of given number:-9.0
2023-03-20 01:12:55.893 [main] INFO  Calculator - Resultant answer of natural log operation is : -1.0
2023-03-20 01:12:55.894 [main] INFO  Calculator - Calculating natural log  of given number:0.0
2023-03-20 01:12:55.894 [main] INFO  Calculator - Resultant answer of natural log operation is : -1.0
2023-03-20 01:12:55.919 [main] INFO  Calculator - Calculating power function of given numbers:3.0,4.0
2023-03-20 01:12:55.920 [main] INFO  Calculator - Resultant answer of power operation is : 81.0
2023-03-20 01:12:55.922 [main] INFO  Calculator - Calculating power function of given numbers:-2.0,-2.0
2023-03-20 01:12:55.923 [main] INFO  Calculator - Resultant answer of power operation is : 0.25
2023-03-20 01:12:55.924 [main] INFO  Calculator - Calculating power function of given numbers:-3.0,4.0
2023-03-20 01:12:55.925 [main] INFO  Calculator - Resultant answer of power operation is : 81.0
2023-03-20 01:12:55.925 [main] INFO  Calculator - Calculating power function of given numbers:2.0,-2.0
2023-03-20 01:12:55.925 [main] INFO  Calculator - Resultant answer of power operation is : 0.25
2023-03-20 01:12:55.925 [main] INFO  Calculator - Calculating natural log  of given number:-9.0
2023-03-20 01:12:55.926 [main] INFO  Calculator - Resultant answer of natural log operation is : -1.0
2023-03-20 01:12:55.928 [main] INFO  Calculator - Calculating factorial  of given number:5
2023-03-20 01:12:55.929 [main] INFO  Calculator - Resultant answer of power operations is : 120.0
2023-03-20 01:12:55.929 [main] INFO  Calculator - Calculating factorial  of given number:0
2023-03-20 01:12:55.930 [main] INFO  Calculator - Calculating factorial  of given number:-23
2023-03-20 01:12:55.930 [main] INFO  Calculator - Resultant answer of power operations is : -1.0
2023-03-20 01:12:55.930 [main] INFO  Calculator - Calculating factorial  of given number:1
2023-03-20 01:12:55.930 [main] INFO  Calculator - Calculating factorial  of given number:11
2023-03-20 01:12:55.931 [main] INFO  Calculator - Resultant answer of power operations is : 3.99168E7
2023-03-20 01:12:55.938 [main] INFO  Calculator - Calculating square root  of given number:100.0
2023-03-20 01:12:55.938 [main] INFO  Calculator - Resultant answer of power operations is : 10.0
2023-03-20 01:12:55.939 [main] INFO  Calculator - Calculating square root  of given number:400.0
2023-03-20 01:12:55.940 [main] INFO  Calculator - Resultant answer of power operations is : 20.0
2023-03-20 01:12:55.941 [main] INFO  Calculator - Calculating square root  of given number:-4.0
2023-03-20 01:12:55.941 [main] INFO  Calculator - Resultant answer of power operations is : -1.0
2023-03-20 01:13:16.233 [main] INFO  Calculator - Calculating natural log  of given number:10.0
2023-03-20 01:13:16.237 [main] INFO  Calculator - Resultant answer of natural log operation is : 2.302585092994046
2023-03-20 01:13:16.239 [main] INFO  Calculator - Calculating natural log  of given number:-9.0
2023-03-20 01:13:16.239 [main] INFO  Calculator - Resultant answer of natural log operation is : -1.0
2023-03-20 01:13:16.239 [main] INFO  Calculator - Calculating natural log  of given number:0.0
2023-03-20 01:13:16.240 [main] INFO  Calculator - Resultant answer of natural log operation is : -1.0
2023-03-20 01:13:16.243 [main] INFO  Calculator - Calculating power function of given numbers:3.0,4.0
2023-03-20 01:13:16.243 [main] INFO  Calculator - Resultant answer of power operation is : 81.0
2023-03-20 01:13:16.244 [main] INFO  Calculator - Calculating power function of given numbers:-2.0,-2.0
2023-03-20 01:13:16.245 [main] INFO  Calculator - Resultant answer of power operation is : 0.25
2023-03-20 01:13:16.245 [main] INFO  Calculator - Calculating power function of given numbers:-3.0,4.0
2023-03-20 01:13:16.246 [main] INFO  Calculator - Resultant answer of power operation is : 81.0
2023-03-20 01:13:16.246 [main] INFO  Calculator - Calculating power function of given numbers:2.0,-2.0
2023-03-20 01:13:16.246 [main] INFO  Calculator - Resultant answer of power operation is : 0.25
2023-03-20 01:13:16.246 [main] INFO  Calculator - Calculating natural log  of given number:-9.0
2023-03-20 01:13:16.246 [main] INFO  Calculator - Resultant answer of natural log operation is : -1.0
2023-03-20 01:13:16.248 [main] INFO  Calculator - Calculating factorial  of given number:5
2023-03-20 01:13:16.248 [main] INFO  Calculator - Resultant answer of power operations is : 120.0
2023-03-20 01:13:16.248 [main] INFO  Calculator - Calculating factorial  of given number:0
2023-03-20 01:13:16.249 [main] INFO  Calculator - Calculating factorial  of given number:-23
2023-03-20 01:13:16.249 [main] INFO  Calculator - Resultant answer of power operations is : -1.0
2023-03-20 01:13:16.249 [main] INFO  Calculator - Calculating factorial  of given number:1
2023-03-20 01:13:16.249 [main] INFO  Calculator - Calculating factorial  of given number:11
2023-03-20 01:13:16.249 [main] INFO  Calculator - Resultant answer of power operations is : 3.99168E7
2023-03-20 01:13:16.253 [main] INFO  Calculator - Calculating square root  of given number:100.0
2023-03-20 01:13:16.253 [main] INFO  Calculator - Resultant answer of power operations is : 10.0
2023-03-20 01:13:16.254 [main] INFO  Calculator - Calculating square root  of given number:400.0
2023-03-20 01:13:16.254 [main] INFO  Calculator - Resultant answer of power operations is : 20.0
2023-03-20 01:13:16.254 [main] INFO  Calculator - Calculating square root  of given number:-4.0
2023-03-20 01:13:16.254 [main] INFO  Calculator - Resultant answer of power operations is : -1.0
2023-03-20 01:15:14.297 [main] INFO  Calculator - Calculating natural log  of given number:10.0
2023-03-20 01:15:14.305 [main] INFO  Calculator - Resultant answer of natural log operation is : 2.302585092994046
2023-03-20 01:15:14.305 [main] INFO  Calculator - Calculating natural log  of given number:-9.0
2023-03-20 01:15:14.305 [main] INFO  Calculator - Resultant answer of natural log operation is : -1.0
2023-03-20 01:15:14.306 [main] INFO  Calculator - Calculating natural log  of given number:0.0
2023-03-20 01:15:14.306 [main] INFO  Calculator - Resultant answer of natural log operation is : -1.0
2023-03-20 01:15:14.308 [main] INFO  Calculator - Calculating power function of given numbers:3.0,4.0
2023-03-20 01:15:14.310 [main] INFO  Calculator - Resultant answer of power operation is : 81.0
2023-03-20 01:15:14.310 [main] INFO  Calculator - Calculating power function of given numbers:-2.0,-2.0
2023-03-20 01:15:14.311 [main] INFO  Calculator - Resultant answer of power operation is : 0.25
2023-03-20 01:15:14.311 [main] INFO  Calculator - Calculating power function of given numbers:-3.0,4.0
2023-03-20 01:15:14.312 [main] INFO  Calculator - Resultant answer of power operation is : 81.0
2023-03-20 01:15:14.312 [main] INFO  Calculator - Calculating power function of given numbers:2.0,-2.0
2023-03-20 01:15:14.312 [main] INFO  Calculator - Resultant answer of power operation is : 0.25
2023-03-20 01:15:14.312 [main] INFO  Calculator - Calculating natural log  of given number:-9.0
2023-03-20 01:15:14.313 [main] INFO  Calculator - Resultant answer of natural log operation is : -1.0
2023-03-20 01:15:14.314 [main] INFO  Calculator - Calculating factorial  of given number:5
2023-03-20 01:15:14.314 [main] INFO  Calculator - Resultant answer of power operations is : 120.0
2023-03-20 01:15:14.315 [main] INFO  Calculator - Calculating factorial  of given number:0
2023-03-20 01:15:14.315 [main] INFO  Calculator - Calculating factorial  of given number:-23
2023-03-20 01:15:14.316 [main] INFO  Calculator - Resultant answer of power operations is : -1.0
2023-03-20 01:15:14.316 [main] INFO  Calculator - Calculating factorial  of given number:1
2023-03-20 01:15:14.316 [main] INFO  Calculator - Calculating factorial  of given number:11
2023-03-20 01:15:14.316 [main] INFO  Calculator - Resultant answer of power operations is : 3.99168E7
2023-03-20 01:15:14.318 [main] INFO  Calculator - Calculating square root  of given number:100.0
2023-03-20 01:15:14.318 [main] INFO  Calculator - Resultant answer of power operations is : 10.0
2023-03-20 01:15:14.318 [main] INFO  Calculator - Calculating square root  of given number:400.0
2023-03-20 01:15:14.319 [main] INFO  Calculator - Resultant answer of power operations is : 20.0
2023-03-20 01:15:14.320 [main] INFO  Calculator - Calculating square root  of given number:-4.0
2023-03-20 01:15:14.320 [main] INFO  Calculator - Resultant answer of power operations is : -1.0
